[debug] [2026-07-13T04:40:16.549Z] ----------------------------------------------------------------------
[debug] [2026-07-13T04:40:16.550Z] Command:       /usr/local/bin/node /usr/local/bin/firebase projects:list --json
[debug] [2026-07-13T04:40:16.550Z] CLI Version:   15.8.0
[debug] [2026-07-13T04:40:16.550Z] Platform:      darwin
[debug] [2026-07-13T04:40:16.550Z] Node Version:  v24.14.0
[debug] [2026-07-13T04:40:16.550Z] Time:          Sun Jul 12 2026 22:40:16 GMT-0600 (Central Standard Time)
[debug] [2026-07-13T04:40:16.550Z] ----------------------------------------------------------------------
[debug] 
[debug] [2026-07-13T04:40:16.551Z] >>> [apiv2][query] GET https://firebase-public.firebaseio.com/cli.json [none]
[debug] [2026-07-13T04:40:16.561Z] > command requires scopes: ["email","openid","https://www.googleapis.com/auth/cloudplatformprojects.readonly","https://www.googleapis.com/auth/firebase","https://www.googleapis.com/auth/cloud-platform"]
[debug] [2026-07-13T04:40:16.561Z] > authorizing via signed-in user (adrianrol.mx@gmail.com)
[debug] [2026-07-13T04:40:16.562Z] Checked if tokens are valid: false, expires at: 1772081920364
[debug] [2026-07-13T04:40:16.562Z] Checked if tokens are valid: false, expires at: 1772081920364
[debug] [2026-07-13T04:40:16.562Z] > refreshing access token with scopes: []
[debug] [2026-07-13T04:40:16.563Z] >>> [apiv2][query] POST https://www.googleapis.com/oauth2/v3/token [none]
[debug] [2026-07-13T04:40:16.563Z] >>> [apiv2][body] POST https://www.googleapis.com/oauth2/v3/token [omitted]
[debug] [2026-07-13T04:40:16.762Z] <<< [apiv2][status] POST https://www.googleapis.com/oauth2/v3/token 200
[debug] [2026-07-13T04:40:16.762Z] <<< [apiv2][body] POST https://www.googleapis.com/oauth2/v3/token [omitted]
[debug] [2026-07-13T04:40:16.775Z] >>> [apiv2][query] GET https://firebase.googleapis.com/v1beta1/projects pageSize=1000
[debug] [2026-07-13T04:40:16.778Z] <<< [apiv2][status] GET https://firebase-public.firebaseio.com/cli.json 200
[debug] [2026-07-13T04:40:16.778Z] <<< [apiv2][body] GET https://firebase-public.firebaseio.com/cli.json {"cloudBuildErrorAfter":1594252800000,"cloudBuildWarnAfter":1590019200000,"defaultNode10After":1594252800000,"minVersion":"3.0.5","node8DeploysDisabledAfter":1613390400000,"node8RuntimeDisabledAfter":1615809600000,"node8WarnAfter":1600128000000}
[debug] [2026-07-13T04:40:17.073Z] <<< [apiv2][status] GET https://firebase.googleapis.com/v1beta1/projects 200
[debug] [2026-07-13T04:40:17.073Z] <<< [apiv2][body] GET https://firebase.googleapis.com/v1beta1/projects [omitted]
[info] ┌──────────────────────┬───────────────────┬────────────────┬──────────────────────┐
│ Project Display Name │ Project ID        │ Project Number │ Resource Location ID │
├──────────────────────┼───────────────────┼────────────────┼──────────────────────┤
│ Minesweeper          │ minesweeper-5c6e9 │ 634565594522   │ [Not specified]      │
├──────────────────────┼───────────────────┼────────────────┼──────────────────────┤
│ PacoHearts           │ pacohearts-e777d  │ 341119615190   │ [Not specified]      │
├──────────────────────┼───────────────────┼────────────────┼──────────────────────┤
│ QuizMaster           │ quizmaster-16ec6  │ 854019545183   │ [Not specified]      │
└──────────────────────┴───────────────────┴────────────────┴──────────────────────┘
[info] 
[info] 3 project(s) total.
